acpi						install
acpi-support-base				install
acpid						install
adduser						install
apache2-mpm-prefork				install
apache2-utils					install
apache2.2-bin					install
apache2.2-common				install
apt						install
apt-listchanges					install
apt-utils					install
aptitude					install
at						install
bacula-client					install
bacula-common					install
bacula-common-sqlite3				install
bacula-console					install
bacula-director-common				install
bacula-director-sqlite3				install
bacula-fd					install
bacula-sd					install
bacula-sd-sqlite3				install
bacula-server					install
bacula-traymonitor				install
base-files					install
base-passwd					install
bash						install
bash-completion					install
bc						install
bind9-host					install
binutils					install
bsd-mailx					install
bsdmainutils					install
bsdutils					install
busybox						install
ca-certificates					install
console-setup					install
console-terminus				install
coreutils					install
cpio						install
cpp						install
cpp-4.1						install
cpp-4.4						install
cron						install
curl						install
daemon						install
dash						install
dbconfig-common					install
dbus						install
dc						install
debconf						install
debconf-i18n					install
debian-archive-keyring				install
debian-faq					install
debianutils					install
defoma						install
dhcp3-client					install
dhcp3-common					install
diffutils					install
discover					install
discover-data					install
dmidecode					install
dmsetup						install
dnsutils					install
doc-debian					install
doc-linux-text					install
dpkg						install
e2fslibs					install
e2fsprogs					install
eject						install
exim4						install
exim4-base					install
exim4-config					install
exim4-daemon-light				install
fancontrol					install
file						install
findutils					install
fontconfig					install
fontconfig-config				install
fping						install
ftp						install
gcc						install
gcc-4.1						install
gcc-4.1-base					install
gcc-4.4						install
gcc-4.4-base					install
geoip-database					install
gettext-base					install
git						install
git-core					install
gnupg						install
gpgv						install
grep						install
groff-base					install
grub-common					install
grub-pc						install
gzip						install
hicolor-icon-theme				install
host						install
hostname					install
ifupdown					install
info						install
initramfs-tools					install
initscripts					install
insserv						install
install-info					install
installation-report				install
iproute						install
iptables					install
iputils-ping					install
isc-dhcp-client					install
isc-dhcp-common					install
iso-codes					install
kbd						install
keyboard-configuration				install
klibc-utils					install
laptop-detect					install
less						install
libacl1						install
libapache2-mod-php5				install
libapr1						install
libaprutil1					install
libaprutil1-dbd-sqlite3				install
libaprutil1-ldap				install
libatk1.0-0					install
libatk1.0-data					install
libattr1					install
libavahi-client3				install
libavahi-common-data				install
libavahi-common3				install
libbind9-60					install
libblkid1					install
libboost-iostreams1.42.0			install
libbsd0						install
libbz2-1.0					install
libc-bin					install
libc-dev-bin					install
libc6						install
libc6-dev					install
libc6-i386					install
libcairo2					install
libcap2						install
libcomerr2					install
libcups2					install
libcurl3					install
libcurl3-gnutls					install
libcwidget3					install
libdatrie1					install
libdb4.6					install
libdb4.7					install
libdb4.8					install
libdbus-1-3					install
libdevmapper1.02.1				install
libdiscover2					install
libdns69					install
libedit2					install
libept1						install
liberror-perl					install
libevent-1.4-2					install
libexpat1					install
libfont-freetype-perl				install
libfontconfig1					install
libfontenc1					install
libfreetype6					install
libgc1c2					install
libgcc1						install
libgcrypt11					install
libgd2-noxpm					install
libgdbm3					install
libgeoip1					install
libglib2.0-0					install
libglib2.0-data					install
libgmp3c2					install
libgnutls26					install
libgomp1					install
libgpg-error0					install
libgpgme11					install
libgpm2						install
libgssapi-krb5-2				install
libgssglue1					install
libgssrpc4					install
libgtk2.0-0					install
libgtk2.0-bin					install
libgtk2.0-common				install
libidn11					install
libisc62					install
libisccc60					install
libisccfg62					install
libjasper1					install
libjpeg62					install
libk5crypto3					install
libkadm5clnt-mit7				install
libkadm5srv-mit7				install
libkdb5-4					install
libkeyutils1					install
libklibc					install
libkrb5-3					install
libkrb5support0					install
libldap-2.4-2					install
liblocale-gettext-perl				install
liblockfile1					install
liblwres60					install
liblzma2					install
libmagic1					install
libmpfr4					install
libmysqlclient16				install
libncurses5					install
libncursesw5					install
libnet-snmp-perl				install
libnewt0.52					install
libnfnetlink0					install
libnfsidmap2					install
libonig2					install
libpam-modules					install
libpam-runtime					install
libpam0g					install
libpango1.0-0					install
libpango1.0-common				install
libpci3						install
libpcre3					install
libperl5.10					install
libpixman-1-0					install
libpng12-0					install
libpopt0					install
libpq5						install
libpth20					install
libpython2.6					install
libqdbm14					install
libradiusclient-ng2				install
libreadline5					install
libreadline6					install
librpcsecgss3					install
libsasl2-2					install
libsasl2-modules				install
libselinux1					install
libsensors4					install
libsepol1					install
libsigc++-2.0-0c2a				install
libslang2					install
libsnmp-base					install
libsnmp15					install
libsqlite0					install
libsqlite3-0					install
libss2						install
libssh2-1					install
libssl0.9.8					install
libstdc++6					install
libtalloc2					install
libtasn1-3					install
libtext-charwidth-perl				install
libtext-iconv-perl				install
libtext-wrapi18n-perl				install
libthai-data					install
libthai0					install
libtiff4					install
libtokyocabinet8				install
libudev0					install
libusb-0.1-4					install
libuuid-perl					install
libuuid1					install
libwbclient0					install
libwrap0					install
libx11-6					install
libx11-data					install
libxapian22					install
libxau6						install
libxcb-render-util0				install
libxcb-render0					install
libxcb1						install
libxcomposite1					install
libxcursor1					install
libxdamage1					install
libxdmcp6					install
libxext6					install
libxfixes3					install
libxfont1					install
libxft2						install
libxi6						install
libxinerama1					install
libxml2						install
libxmuu1					install
libxrandr2					install
libxrender1					install
linux-base					install
linux-image-2.6-amd64				install
linux-image-2.6.32-5-amd64			install
linux-libc-dev					install
lm-sensors					install
locales						install
login						install
logrotate					install
lsb-base					install
lsb-release					install
lsof						install
m4						install
make						install
man-db						install
manpages					install
manpages-dev					install
mawk						install
mime-support					install
mlocate						install
module-init-tools				install
mount						install
mpt-status					install
mt-st						install
mtx						install
mutt						install
mysql-common					install
nagios-images					install
nagios-plugins					install
nagios-plugins-basic				install
nagios-plugins-standard				install
nagios3						install
nagios3-cgi					install
nagios3-common					install
nagios3-core					install
nano						install
ncurses-base					install
ncurses-bin					install
ncurses-term					install
net-tools					install
netbase						install
netcat-traditional				install
nfs-common					install
openssh-blacklist				install
openssh-blacklist-extra				install
openssh-client					install
openssh-server					install
openssl						install
os-prober					install
passwd						install
patch						install
pciutils					install
perl						install
perl-base					install
perl-modules					install
php5-cli					install
php5-common					install
php5-suhosin					install
portmap						install
procmail					install
procps						install
psmisc						install
python						install
python-apt					install
python-apt-common				install
python-central					install
python-minimal					install
python-reportbug				install
python-support					install
python2.6					install
python2.6-minimal				install
qstat						install
readline-common					install
reportbug					install
rsync						install
rsyslog						install
samba-common					install
samba-common-bin				install
sed						install
sensible-utils					install
sgml-base					install
shared-mime-info				install
smbclient					install
snmp						install
sqlite						install
sqlite3						install
ssl-cert					install
sudo						install
sysv-rc						install
sysvinit					install
sysvinit-utils					install
tar						install
tasksel						install
tasksel-data					install
tcpd						install
telnet						install
texinfo						install
time						install
traceroute					install
ttf-dejavu-core					install
tzdata						install
ucf						install
udev						install
ufw						install
util-linux					install
vim						install
vim-common					install
vim-runtime					install
vim-tiny					install
w3m						install
wamerican					install
wget						install
whiptail					install
whois						install
x-ttcidfont-conf				install
x11-common					install
xauth						install
xfonts-encodings				install
xfonts-utils					install
xkb-data					install
xml-core					install
xz-utils					install
zlib1g						install
